<?xml version="1.0" encoding="UTF-8"?>
<!-- Generated by org.testng.reporters.JUnitXMLReporter -->
<testsuite hostname="5CD138MBH9" ignored="0" name="Default test" tests="9" failures="0" timestamp="2022-01-20T12:47:27 IST" time="0.057" errors="0">
  <testcase name="@BeforeTest display" time="-1.642663047676E9" classname="Testcases.Allprogram">
    <failure type="org.testng.TestNGException" message="
Parameter &amp;apos;browser&amp;apos; is required by BeforeTest on method display but has not been marked @Optional or defined
in C:\Users\292849\AppData\Local\Temp\testng-eclipse--1831494145\testng-customsuite.xml">
      <![CDATA[org.testng.TestNGException: 
Parameter 'browser' is required by BeforeTest on method display but has not been marked @Optional or defined
in C:\Users\292849\AppData\Local\Temp\testng-eclipse--1831494145\testng-customsuite.xml
at org.testng.internal.Parameters.createParams(Parameters.java:270)
at org.testng.internal.Parameters.createParametersForMethod(Parameters.java:358)
at org.testng.internal.Parameters.createParameters(Parameters.java:700)
at org.testng.internal.Parameters.createConfigurationParameters(Parameters.java:168)
at org.testng.internal.ConfigInvoker.invokeConfigurations(ConfigInvoker.java:302)
at org.testng.TestRunner.invokeTestConfigurations(TestRunner.java:637)
at org.testng.TestRunner.beforeRun(TestRunner.java:627)
at org.testng.TestRunner.run(TestRunner.java:589)
at org.testng.SuiteRunner.runTest(SuiteRunner.java:377)
at org.testng.SuiteRunner.runSequentially(SuiteRunner.java:371)
at org.testng.SuiteRunner.privateRun(SuiteRunner.java:332)
at org.testng.SuiteRunner.run(SuiteRunner.java:276)
at org.testng.SuiteRunnerWorker.runSuite(SuiteRunnerWorker.java:53)
at org.testng.SuiteRunnerWorker.run(SuiteRunnerWorker.java:96)
at org.testng.TestNG.runSuitesSequentially(TestNG.java:1212)
at org.testng.TestNG.runSuitesLocally(TestNG.java:1134)
at org.testng.TestNG.runSuites(TestNG.java:1063)
at org.testng.TestNG.run(TestNG.java:1031)
at org.testng.remote.AbstractRemoteTestNG.run(AbstractRemoteTestNG.java:115)
at org.testng.remote.RemoteTestNG.initAndRun(RemoteTestNG.java:251)
at org.testng.remote.RemoteTestNG.main(RemoteTestNG.java:77)
]]>
    </failure>
  </testcase> <!-- @BeforeTest display -->
  <testcase name="@AfterTest closebrowser" time="-1.642663047729E9" classname="Testcases.Allprogram">
    <skipped/>
  </testcase> <!-- @AfterTest closebrowser -->
  <testcase name="dropdown" time="0.0" classname="Testcases.Allprogram">
    <skipped/>
  </testcase> <!-- dropdown -->
  <testcase name="Printalllinks" time="0.0" classname="Testcases.Allprogram">
    <skipped/>
  </testcase> <!-- Printalllinks -->
  <testcase name="Titleurlpagesource" time="0.0" classname="Testcases.Allprogram">
    <skipped/>
  </testcase> <!-- Titleurlpagesource -->
  <testcase name="scrolling" time="0.0" classname="Testcases.Allprogram">
    <skipped/>
  </testcase> <!-- scrolling -->
  <testcase name="mouseover" time="0.0" classname="Testcases.Allprogram">
    <skipped/>
  </testcase> <!-- mouseover -->
  <testcase name="windowhandling" time="0.0" classname="Testcases.Allprogram">
    <skipped/>
  </testcase> <!-- windowhandling -->
  <testcase name="checkboxradiobutton" time="0.0" classname="Testcases.Allprogram">
    <skipped/>
  </testcase> <!-- checkboxradiobutton -->
  <testcase name="draganddrop" time="0.0" classname="Testcases.Allprogram">
    <skipped/>
  </testcase> <!-- draganddrop -->
  <testcase name="screenshot1" time="0.0" classname="Testcases.Allprogram">
    <skipped/>
  </testcase> <!-- screenshot1 -->
</testsuite> <!-- Default test -->
